2024-02-29 12:06:40,366 [Worker-8: Loading available Gradle versions] INFO  o.e.b.c.i.u.g.PublishedGradleVersions - Gradle version information cache is up-to-date. Trying to read.
2024-02-29 12:07:00,913 [Worker-36: Building] INFO  o.e.m.c.i.l.LifecycleMappingFactory - Using org.eclipse.m2e.jdt.JarLifecycleMapping lifecycle mapping for MavenProject: com.ti2cc:maven.demo:0.0.1-SNAPSHOT @ C:\Users\oioir\eclipse-workspace\ti2-master\ti2-master\ti2ex2\pom.xml.
2024-02-29 12:07:01,869 [Worker-36: Building] WARN  o.a.m.s.f.DefaultMavenResourcesFiltering - Using platform encoding (Cp1252 actually) to copy filtered resources, i.e. build is platform dependent!
2024-02-29 12:07:01,870 [Worker-36: Building] INFO  o.a.m.s.f.DefaultMavenResourcesFiltering - skip non existing resourceDirectory C:\Users\oioir\eclipse-workspace\ti2-master\ti2-master\ti2ex2\src\main\resources
2024-02-29 12:07:01,877 [Worker-36: Building] WARN  o.a.m.s.f.DefaultMavenResourcesFiltering - Using platform encoding (Cp1252 actually) to copy filtered resources, i.e. build is platform dependent!
2024-02-29 12:07:01,878 [Worker-36: Building] INFO  o.a.m.s.f.DefaultMavenResourcesFiltering - skip non existing resourceDirectory C:\Users\oioir\eclipse-workspace\ti2-master\ti2-master\ti2ex2\src\test\resources
2024-02-29 12:07:03,014 [Worker-3: Building] WARN  o.a.m.s.f.DefaultMavenResourcesFiltering - Using platform encoding (Cp1252 actually) to copy filtered resources, i.e. build is platform dependent!
2024-02-29 12:07:03,015 [Worker-3: Building] INFO  o.a.m.s.f.DefaultMavenResourcesFiltering - skip non existing resourceDirectory C:\Users\oioir\eclipse-workspace\ti2-master\ti2-master\ti2ex2\src\main\resources
2024-02-29 12:07:03,017 [Worker-3: Building] WARN  o.a.m.s.f.DefaultMavenResourcesFiltering - Using platform encoding (Cp1252 actually) to copy filtered resources, i.e. build is platform dependent!
2024-02-29 12:07:03,018 [Worker-3: Building] INFO  o.a.m.s.f.DefaultMavenResourcesFiltering - skip non existing resourceDirectory C:\Users\oioir\eclipse-workspace\ti2-master\ti2-master\ti2ex2\src\test\resources
2024-02-29 12:14:35,508 [Worker-33: Launching Executing test in C__Users_oioir_eclipse-workspace_ti2-master_ti2-master_ti2ex2] INFO  o.eclipse.m2e.core.internal.Bundles - getClasspathEntries(Bundle=org.eclipse.m2e.maven.runtime_3.9.600.20231203-1234 [540])
2024-02-29 12:14:35,509 [Worker-33: Launching Executing test in C__Users_oioir_eclipse-workspace_ti2-master_ti2-master_ti2ex2] INFO  o.eclipse.m2e.core.internal.Bundles - 	Entry: C:\Users\oioir\.p2\pool\plugins\org.eclipse.m2e.maven.runtime_3.9.600.20231203-1234
2024-02-29 12:14:35,510 [Worker-33: Launching Executing test in C__Users_oioir_eclipse-workspace_ti2-master_ti2-master_ti2ex2] INFO  o.eclipse.m2e.core.internal.Bundles - 	Entry: C:\Users\oioir\.p2\pool\plugins\org.eclipse.m2e.maven.runtime_3.9.600.20231203-1234\jars\aopalliance-1.0.jar
2024-02-29 12:14:35,510 [Worker-33: Launching Executing test in C__Users_oioir_eclipse-workspace_ti2-master_ti2-master_ti2ex2] INFO  o.eclipse.m2e.core.internal.Bundles - 	Entry: C:\Users\oioir\.p2\pool\plugins\org.eclipse.m2e.maven.runtime_3.9.600.20231203-1234\jars\guice-5.1.0.jar
2024-02-29 12:14:35,510 [Worker-33: Launching Executing test in C__Users_oioir_eclipse-workspace_ti2-master_ti2-master_ti2ex2] INFO  o.eclipse.m2e.core.internal.Bundles - 	Entry: C:\Users\oioir\.p2\pool\plugins\org.eclipse.m2e.maven.runtime_3.9.600.20231203-1234\jars\httpclient-4.5.14.jar
2024-02-29 12:14:35,510 [Worker-33: Launching Executing test in C__Users_oioir_eclipse-workspace_ti2-master_ti2-master_ti2ex2] INFO  o.eclipse.m2e.core.internal.Bundles - 	Entry: C:\Users\oioir\.p2\pool\plugins\org.eclipse.m2e.maven.runtime_3.9.600.20231203-1234\jars\httpcore-4.4.16.jar
2024-02-29 12:14:35,510 [Worker-33: Launching Executing test in C__Users_oioir_eclipse-workspace_ti2-master_ti2-master_ti2ex2] INFO  o.eclipse.m2e.core.internal.Bundles - 	Entry: C:\Users\oioir\.p2\pool\plugins\org.eclipse.m2e.maven.runtime_3.9.600.20231203-1234\jars\jansi-2.4.0.jar
2024-02-29 12:14:35,510 [Worker-33: Launching Executing test in C__Users_oioir_eclipse-workspace_ti2-master_ti2-master_ti2ex2] INFO  o.eclipse.m2e.core.internal.Bundles - 	Entry: C:\Users\oioir\.p2\pool\plugins\org.eclipse.m2e.maven.runtime_3.9.600.20231203-1234\jars\jcl-over-slf4j-1.7.36.jar
2024-02-29 12:14:35,510 [Worker-33: Launching Executing test in C__Users_oioir_eclipse-workspace_ti2-master_ti2-master_ti2ex2] INFO  o.eclipse.m2e.core.internal.Bundles - 	Entry: C:\Users\oioir\.p2\pool\plugins\org.eclipse.m2e.maven.runtime_3.9.600.20231203-1234\jars\maven-artifact-3.9.6.jar
2024-02-29 12:14:35,510 [Worker-33: Launching Executing test in C__Users_oioir_eclipse-workspace_ti2-master_ti2-master_ti2ex2] INFO  o.eclipse.m2e.core.internal.Bundles - 	Entry: C:\Users\oioir\.p2\pool\plugins\org.eclipse.m2e.maven.runtime_3.9.600.20231203-1234\jars\maven-builder-support-3.9.6.jar
2024-02-29 12:14:35,511 [Worker-33: Launching Executing test in C__Users_oioir_eclipse-workspace_ti2-master_ti2-master_ti2ex2] INFO  o.eclipse.m2e.core.internal.Bundles - 	Entry: C:\Users\oioir\.p2\pool\plugins\org.eclipse.m2e.maven.runtime_3.9.600.20231203-1234\jars\maven-compat-3.9.6.jar
2024-02-29 12:14:35,511 [Worker-33: Launching Executing test in C__Users_oioir_eclipse-workspace_ti2-master_ti2-master_ti2ex2] INFO  o.eclipse.m2e.core.internal.Bundles - 	Entry: C:\Users\oioir\.p2\pool\plugins\org.eclipse.m2e.maven.runtime_3.9.600.20231203-1234\jars\maven-core-3.9.6.jar
2024-02-29 12:14:35,511 [Worker-33: Launching Executing test in C__Users_oioir_eclipse-workspace_ti2-master_ti2-master_ti2ex2] INFO  o.eclipse.m2e.core.internal.Bundles - 	Entry: C:\Users\oioir\.p2\pool\plugins\org.eclipse.m2e.maven.runtime_3.9.600.20231203-1234\jars\maven-embedder-3.9.6.jar
2024-02-29 12:14:35,511 [Worker-33: Launching Executing test in C__Users_oioir_eclipse-workspace_ti2-master_ti2-master_ti2ex2] INFO  o.eclipse.m2e.core.internal.Bundles - 	Entry: C:\Users\oioir\.p2\pool\plugins\org.eclipse.m2e.maven.runtime_3.9.600.20231203-1234\jars\maven-model-3.9.6.jar
2024-02-29 12:14:35,511 [Worker-33: Launching Executing test in C__Users_oioir_eclipse-workspace_ti2-master_ti2-master_ti2ex2] INFO  o.eclipse.m2e.core.internal.Bundles - 	Entry: C:\Users\oioir\.p2\pool\plugins\org.eclipse.m2e.maven.runtime_3.9.600.20231203-1234\jars\maven-model-builder-3.9.6.jar
2024-02-29 12:14:35,511 [Worker-33: Launching Executing test in C__Users_oioir_eclipse-workspace_ti2-master_ti2-master_ti2ex2] INFO  o.eclipse.m2e.core.internal.Bundles - 	Entry: C:\Users\oioir\.p2\pool\plugins\org.eclipse.m2e.maven.runtime_3.9.600.20231203-1234\jars\maven-plugin-api-3.9.6.jar
2024-02-29 12:14:35,511 [Worker-33: Launching Executing test in C__Users_oioir_eclipse-workspace_ti2-master_ti2-master_ti2ex2] INFO  o.eclipse.m2e.core.internal.Bundles - 	Entry: C:\Users\oioir\.p2\pool\plugins\org.eclipse.m2e.maven.runtime_3.9.600.20231203-1234\jars\maven-repository-metadata-3.9.6.jar
2024-02-29 12:14:35,511 [Worker-33: Launching Executing test in C__Users_oioir_eclipse-workspace_ti2-master_ti2-master_ti2ex2] INFO  o.eclipse.m2e.core.internal.Bundles - 	Entry: C:\Users\oioir\.p2\pool\plugins\org.eclipse.m2e.maven.runtime_3.9.600.20231203-1234\jars\maven-resolver-api-1.9.18.jar
2024-02-29 12:14:35,512 [Worker-33: Launching Executing test in C__Users_oioir_eclipse-workspace_ti2-master_ti2-master_ti2ex2] INFO  o.eclipse.m2e.core.internal.Bundles - 	Entry: C:\Users\oioir\.p2\pool\plugins\org.eclipse.m2e.maven.runtime_3.9.600.20231203-1234\jars\maven-resolver-connector-basic-1.9.18.jar
2024-02-29 12:14:35,512 [Worker-33: Launching Executing test in C__Users_oioir_eclipse-workspace_ti2-master_ti2-master_ti2ex2] INFO  o.eclipse.m2e.core.internal.Bundles - 	Entry: C:\Users\oioir\.p2\pool\plugins\org.eclipse.m2e.maven.runtime_3.9.600.20231203-1234\jars\maven-resolver-impl-1.9.18.jar
2024-02-29 12:14:35,512 [Worker-33: Launching Executing test in C__Users_oioir_eclipse-workspace_ti2-master_ti2-master_ti2ex2] INFO  o.eclipse.m2e.core.internal.Bundles - 	Entry: C:\Users\oioir\.p2\pool\plugins\org.eclipse.m2e.maven.runtime_3.9.600.20231203-1234\jars\maven-resolver-named-locks-1.9.18.jar
2024-02-29 12:14:35,512 [Worker-33: Launching Executing test in C__Users_oioir_eclipse-workspace_ti2-master_ti2-master_ti2ex2] INFO  o.eclipse.m2e.core.internal.Bundles - 	Entry: C:\Users\oioir\.p2\pool\plugins\org.eclipse.m2e.maven.runtime_3.9.600.20231203-1234\jars\maven-resolver-provider-3.9.6.jar
2024-02-29 12:14:35,512 [Worker-33: Launching Executing test in C__Users_oioir_eclipse-workspace_ti2-master_ti2-master_ti2ex2] INFO  o.eclipse.m2e.core.internal.Bundles - 	Entry: C:\Users\oioir\.p2\pool\plugins\org.eclipse.m2e.maven.runtime_3.9.600.20231203-1234\jars\maven-resolver-spi-1.9.18.jar
2024-02-29 12:14:35,512 [Worker-33: Launching Executing test in C__Users_oioir_eclipse-workspace_ti2-master_ti2-master_ti2ex2] INFO  o.eclipse.m2e.core.internal.Bundles - 	Entry: C:\Users\oioir\.p2\pool\plugins\org.eclipse.m2e.maven.runtime_3.9.600.20231203-1234\jars\maven-resolver-transport-file-1.9.18.jar
2024-02-29 12:14:35,512 [Worker-33: Launching Executing test in C__Users_oioir_eclipse-workspace_ti2-master_ti2-master_ti2ex2] INFO  o.eclipse.m2e.core.internal.Bundles - 	Entry: C:\Users\oioir\.p2\pool\plugins\org.eclipse.m2e.maven.runtime_3.9.600.20231203-1234\jars\maven-resolver-transport-http-1.9.18.jar
2024-02-29 12:14:35,512 [Worker-33: Launching Executing test in C__Users_oioir_eclipse-workspace_ti2-master_ti2-master_ti2ex2] INFO  o.eclipse.m2e.core.internal.Bundles - 	Entry: C:\Users\oioir\.p2\pool\plugins\org.eclipse.m2e.maven.runtime_3.9.600.20231203-1234\jars\maven-resolver-transport-wagon-1.9.18.jar
2024-02-29 12:14:35,512 [Worker-33: Launching Executing test in C__Users_oioir_eclipse-workspace_ti2-master_ti2-master_ti2ex2] INFO  o.eclipse.m2e.core.internal.Bundles - 	Entry: C:\Users\oioir\.p2\pool\plugins\org.eclipse.m2e.maven.runtime_3.9.600.20231203-1234\jars\maven-resolver-util-1.9.18.jar
2024-02-29 12:14:35,513 [Worker-33: Launching Executing test in C__Users_oioir_eclipse-workspace_ti2-master_ti2-master_ti2ex2] INFO  o.eclipse.m2e.core.internal.Bundles - 	Entry: C:\Users\oioir\.p2\pool\plugins\org.eclipse.m2e.maven.runtime_3.9.600.20231203-1234\jars\maven-settings-3.9.6.jar
2024-02-29 12:14:35,513 [Worker-33: Launching Executing test in C__Users_oioir_eclipse-workspace_ti2-master_ti2-master_ti2ex2] INFO  o.eclipse.m2e.core.internal.Bundles - 	Entry: C:\Users\oioir\.p2\pool\plugins\org.eclipse.m2e.maven.runtime_3.9.600.20231203-1234\jars\maven-settings-builder-3.9.6.jar
2024-02-29 12:14:35,513 [Worker-33: Launching Executing test in C__Users_oioir_eclipse-workspace_ti2-master_ti2-master_ti2ex2] INFO  o.eclipse.m2e.core.internal.Bundles - 	Entry: C:\Users\oioir\.p2\pool\plugins\org.eclipse.m2e.maven.runtime_3.9.600.20231203-1234\jars\maven-shared-utils-3.3.4.jar
2024-02-29 12:14:35,513 [Worker-33: Launching Executing test in C__Users_oioir_eclipse-workspace_ti2-master_ti2-master_ti2ex2] INFO  o.eclipse.m2e.core.internal.Bundles - 	Entry: C:\Users\oioir\.p2\pool\plugins\org.eclipse.m2e.maven.runtime_3.9.600.20231203-1234\jars\org.eclipse.sisu.inject-0.9.0.M2.jar
2024-02-29 12:14:35,513 [Worker-33: Launching Executing test in C__Users_oioir_eclipse-workspace_ti2-master_ti2-master_ti2ex2] INFO  o.eclipse.m2e.core.internal.Bundles - 	Entry: C:\Users\oioir\.p2\pool\plugins\org.eclipse.m2e.maven.runtime_3.9.600.20231203-1234\jars\org.eclipse.sisu.plexus-0.9.0.M2.jar
2024-02-29 12:14:35,513 [Worker-33: Launching Executing test in C__Users_oioir_eclipse-workspace_ti2-master_ti2-master_ti2ex2] INFO  o.eclipse.m2e.core.internal.Bundles - 	Entry: C:\Users\oioir\.p2\pool\plugins\org.eclipse.m2e.maven.runtime_3.9.600.20231203-1234\jars\plexus-build-api-0.0.7.jar
2024-02-29 12:14:35,513 [Worker-33: Launching Executing test in C__Users_oioir_eclipse-workspace_ti2-master_ti2-master_ti2ex2] INFO  o.eclipse.m2e.core.internal.Bundles - 	Entry: C:\Users\oioir\.p2\pool\plugins\org.eclipse.m2e.maven.runtime_3.9.600.20231203-1234\jars\plexus-cipher-2.0.jar
2024-02-29 12:14:35,513 [Worker-33: Launching Executing test in C__Users_oioir_eclipse-workspace_ti2-master_ti2-master_ti2ex2] INFO  o.eclipse.m2e.core.internal.Bundles - 	Entry: C:\Users\oioir\.p2\pool\plugins\org.eclipse.m2e.maven.runtime_3.9.600.20231203-1234\jars\plexus-classworlds-2.7.0.jar
2024-02-29 12:14:35,513 [Worker-33: Launching Executing test in C__Users_oioir_eclipse-workspace_ti2-master_ti2-master_ti2ex2] INFO  o.eclipse.m2e.core.internal.Bundles - 	Entry: C:\Users\oioir\.p2\pool\plugins\org.eclipse.m2e.maven.runtime_3.9.600.20231203-1234\jars\plexus-component-annotations-2.1.0.jar
2024-02-29 12:14:35,513 [Worker-33: Launching Executing test in C__Users_oioir_eclipse-workspace_ti2-master_ti2-master_ti2ex2] INFO  o.eclipse.m2e.core.internal.Bundles - 	Entry: C:\Users\oioir\.p2\pool\plugins\org.eclipse.m2e.maven.runtime_3.9.600.20231203-1234\jars\plexus-interpolation-1.26.jar
2024-02-29 12:14:35,513 [Worker-33: Launching Executing test in C__Users_oioir_eclipse-workspace_ti2-master_ti2-master_ti2ex2] INFO  o.eclipse.m2e.core.internal.Bundles - 	Entry: C:\Users\oioir\.p2\pool\plugins\org.eclipse.m2e.maven.runtime_3.9.600.20231203-1234\jars\plexus-sec-dispatcher-2.0.jar
2024-02-29 12:14:35,513 [Worker-33: Launching Executing test in C__Users_oioir_eclipse-workspace_ti2-master_ti2-master_ti2ex2] INFO  o.eclipse.m2e.core.internal.Bundles - 	Entry: C:\Users\oioir\.p2\pool\plugins\org.eclipse.m2e.maven.runtime_3.9.600.20231203-1234\jars\plexus-utils-3.5.1.jar
2024-02-29 12:14:35,513 [Worker-33: Launching Executing test in C__Users_oioir_eclipse-workspace_ti2-master_ti2-master_ti2ex2] INFO  o.eclipse.m2e.core.internal.Bundles - 	Entry: C:\Users\oioir\.p2\pool\plugins\org.eclipse.m2e.maven.runtime_3.9.600.20231203-1234\jars\wagon-file-3.5.3.jar
2024-02-29 12:14:35,513 [Worker-33: Launching Executing test in C__Users_oioir_eclipse-workspace_ti2-master_ti2-master_ti2ex2] INFO  o.eclipse.m2e.core.internal.Bundles - 	Entry: C:\Users\oioir\.p2\pool\plugins\org.eclipse.m2e.maven.runtime_3.9.600.20231203-1234\jars\wagon-http-3.5.3.jar
2024-02-29 12:14:35,513 [Worker-33: Launching Executing test in C__Users_oioir_eclipse-workspace_ti2-master_ti2-master_ti2ex2] INFO  o.eclipse.m2e.core.internal.Bundles - 	Entry: C:\Users\oioir\.p2\pool\plugins\org.eclipse.m2e.maven.runtime_3.9.600.20231203-1234\jars\wagon-http-shared-3.5.3.jar
2024-02-29 12:14:35,513 [Worker-33: Launching Executing test in C__Users_oioir_eclipse-workspace_ti2-master_ti2-master_ti2ex2] INFO  o.eclipse.m2e.core.internal.Bundles - 	Entry: C:\Users\oioir\.p2\pool\plugins\org.eclipse.m2e.maven.runtime_3.9.600.20231203-1234\jars\wagon-provider-api-3.5.3.jar
2024-02-29 12:14:35,515 [Worker-33: Launching Executing test in C__Users_oioir_eclipse-workspace_ti2-master_ti2-master_ti2ex2] INFO  o.eclipse.m2e.core.internal.Bundles - getClasspathEntries(Bundle=com.google.guava_32.1.3.jre [10])
2024-02-29 12:14:35,516 [Worker-33: Launching Executing test in C__Users_oioir_eclipse-workspace_ti2-master_ti2-master_ti2ex2] INFO  o.eclipse.m2e.core.internal.Bundles - 	Entry: C:\Users\oioir\.p2\pool\plugins\com.google.guava_32.1.3.jre.jar
2024-02-29 12:14:35,516 [Worker-33: Launching Executing test in C__Users_oioir_eclipse-workspace_ti2-master_ti2-master_ti2ex2] INFO  o.eclipse.m2e.core.internal.Bundles - getClasspathEntries(Bundle=slf4j.api_2.0.12 [561])
2024-02-29 12:14:35,516 [Worker-33: Launching Executing test in C__Users_oioir_eclipse-workspace_ti2-master_ti2-master_ti2ex2] INFO  o.eclipse.m2e.core.internal.Bundles - 	Entry: C:\Users\oioir\.p2\pool\plugins\slf4j.api_2.0.12.jar
2024-02-29 12:14:35,516 [Worker-33: Launching Executing test in C__Users_oioir_eclipse-workspace_ti2-master_ti2-master_ti2ex2] INFO  o.eclipse.m2e.core.internal.Bundles - getClasspathEntries(Bundle=jakarta.inject.jakarta.inject-api_1.0.5 [22])
2024-02-29 12:14:35,516 [Worker-33: Launching Executing test in C__Users_oioir_eclipse-workspace_ti2-master_ti2-master_ti2ex2] INFO  o.eclipse.m2e.core.internal.Bundles - 	Entry: C:\Users\oioir\.p2\pool\plugins\jakarta.inject.jakarta.inject-api_1.0.5.jar
2024-02-29 12:14:35,516 [Worker-33: Launching Executing test in C__Users_oioir_eclipse-workspace_ti2-master_ti2-master_ti2ex2] INFO  o.eclipse.m2e.core.internal.Bundles - getClasspathEntries(Bundle=jakarta.annotation-api_1.3.5 [20])
2024-02-29 12:14:35,517 [Worker-33: Launching Executing test in C__Users_oioir_eclipse-workspace_ti2-master_ti2-master_ti2ex2] INFO  o.eclipse.m2e.core.internal.Bundles - 	Entry: C:\Users\oioir\.p2\pool\plugins\jakarta.annotation-api_1.3.5.jar
2024-02-29 12:14:35,517 [Worker-33: Launching Executing test in C__Users_oioir_eclipse-workspace_ti2-master_ti2-master_ti2ex2] INFO  o.eclipse.m2e.core.internal.Bundles - getClasspathEntries(Bundle=org.apache.commons.cli_1.6.0 [46])
2024-02-29 12:14:35,517 [Worker-33: Launching Executing test in C__Users_oioir_eclipse-workspace_ti2-master_ti2-master_ti2ex2] INFO  o.eclipse.m2e.core.internal.Bundles - 	Entry: C:\Users\oioir\.p2\pool\plugins\org.apache.commons.cli_1.6.0.jar
2024-02-29 12:14:35,517 [Worker-33: Launching Executing test in C__Users_oioir_eclipse-workspace_ti2-master_ti2-master_ti2ex2] INFO  o.eclipse.m2e.core.internal.Bundles - getClasspathEntries(Bundle=org.apache.commons.commons-codec_1.16.0 [48])
2024-02-29 12:14:35,517 [Worker-33: Launching Executing test in C__Users_oioir_eclipse-workspace_ti2-master_ti2-master_ti2ex2] INFO  o.eclipse.m2e.core.internal.Bundles - 	Entry: C:\Users\oioir\.p2\pool\plugins\org.apache.commons.commons-codec_1.16.0.jar
2024-02-29 12:14:35,517 [Worker-33: Launching Executing test in C__Users_oioir_eclipse-workspace_ti2-master_ti2-master_ti2ex2] INFO  o.eclipse.m2e.core.internal.Bundles - getClasspathEntries(Bundle=org.apache.commons.lang3_3.14.0 [530])
2024-02-29 12:14:35,517 [Worker-33: Launching Executing test in C__Users_oioir_eclipse-workspace_ti2-master_ti2-master_ti2ex2] INFO  o.eclipse.m2e.core.internal.Bundles - 	Entry: C:\Users\oioir\.p2\pool\plugins\org.apache.commons.lang3_3.14.0.jar
2024-02-29 12:14:35,517 [Worker-33: Launching Executing test in C__Users_oioir_eclipse-workspace_ti2-master_ti2-master_ti2ex2] INFO  o.eclipse.m2e.core.internal.Bundles - getClasspathEntries(Bundle=com.google.guava.failureaccess_1.0.2 [11])
2024-02-29 12:14:35,517 [Worker-33: Launching Executing test in C__Users_oioir_eclipse-workspace_ti2-master_ti2-master_ti2ex2] INFO  o.eclipse.m2e.core.internal.Bundles - 	Entry: C:\Users\oioir\.p2\pool\plugins\com.google.guava.failureaccess_1.0.2.jar
2024-02-29 12:14:35,519 [Worker-33: Launching Executing test in C__Users_oioir_eclipse-workspace_ti2-master_ti2-master_ti2ex2] INFO  o.e.m.i.launch.MavenLaunchDelegate - Run build in "C:\Users\oioir\eclipse-workspace\ti2-master\ti2-master\ti2ex2":
2024-02-29 12:14:35,523 [Worker-33: Launching Executing test in C__Users_oioir_eclipse-workspace_ti2-master_ti2-master_ti2ex2] INFO  o.e.m.i.launch.MavenLaunchDelegate -  mvn  -B -Dstyle.color=always test
2024-02-29 12:14:47,972 [Worker-28: Launching Aplicacao] WARN  o.a.m.s.f.DefaultMavenResourcesFiltering - Using platform encoding (Cp1252 actually) to copy filtered resources, i.e. build is platform dependent!
2024-02-29 12:14:47,973 [Worker-28: Launching Aplicacao] INFO  o.a.m.s.f.DefaultMavenResourcesFiltering - skip non existing resourceDirectory C:\Users\oioir\eclipse-workspace\ti2-master\ti2-master\ti2ex2\src\main\resources
2024-02-29 12:14:47,974 [Worker-28: Launching Aplicacao] WARN  o.a.m.s.f.DefaultMavenResourcesFiltering - Using platform encoding (Cp1252 actually) to copy filtered resources, i.e. build is platform dependent!
2024-02-29 12:14:47,975 [Worker-28: Launching Aplicacao] INFO  o.a.m.s.f.DefaultMavenResourcesFiltering - skip non existing resourceDirectory C:\Users\oioir\eclipse-workspace\ti2-master\ti2-master\ti2ex2\src\test\resources
2024-02-29 12:20:53,686 [Worker-8: Loading available Gradle versions] INFO  o.e.b.c.i.u.g.PublishedGradleVersions - Gradle version information cache is up-to-date. Trying to read.
